Build started 10/03/2019 1:23:22 PM.
     1>Project "C:\Users\Rouzbeh\Dropbox\Concordia\Semesters\Winter 2019\Industrial Automation(MECH 6631)\Project\Computer vision\CamCalibration\CamCalibration\CamCalibration.vcxproj" on node 2 (Rebuild target(s)).
     1>ClCompile:
         D:\Program Files (x86)\Microsoft Visual Studio 12.0\VC\bin\CL.exe /c /ZI /nologo /W3 /WX- /sdl /Od /Oy- /D _MBCS /Gm /EHsc /RTC1 /MDd /GS /fp:precise /Zc:wchar_t /Zc:forScope /Fo"Debug\\" /Fd"Debug\vc120.pdb" /Gd /TP /analyze- /errorReport:prompt CamCalibration.cpp
         CamCalibration.cpp
     1>c:\users\rouzbeh\dropbox\concordia\semesters\winter 2019\industrial automation(mech 6631)\project\computer vision\camcalibration\camcalibration\camcalibration.cpp(1): fatal error C1083: Cannot open include file: 'opencv2/opencv.hpp': No such file or directory
     1>Done Building Project "C:\Users\Rouzbeh\Dropbox\Concordia\Semesters\Winter 2019\Industrial Automation(MECH 6631)\Project\Computer vision\CamCalibration\CamCalibration\CamCalibration.vcxproj" (Rebuild target(s)) -- FAILED.

Build FAILED.

Time Elapsed 00:00:02.62
